<?xml version="1.0" encoding="UTF-8"?>
<testng-results ignored="0" total="1" passed="1" failed="0" skipped="0">
  <reporter-output>
  </reporter-output>
  <suite started-at="2021-11-06T16:56:31 IST" name="Suite" finished-at="2021-11-06T16:56:32 IST" duration-ms="402">
    <groups>
    </groups>
    <test started-at="2021-11-06T16:56:31 IST" name="Test" finished-at="2021-11-06T16:56:32 IST" duration-ms="402">
      <class name="selenium_training.maven_selenium.SeleniumTest">
        <test-method is-config="true" signature="browserInvoke()[pri:0, instance:selenium_training.maven_selenium.SeleniumTest@1ed1993a]" started-at="2021-11-06T16:56:21 IST" name="browserInvoke" finished-at="2021-11-06T16:56:31 IST" duration-ms="10544" status="PASS">
          <reporter-output>
          </reporter-output>
        </test-method> <!-- browserInvoke -->
        <test-method signature="formSubmit()[pri:0, instance:selenium_training.maven_selenium.SeleniumTest@1ed1993a]" started-at="2021-11-06T16:56:31 IST" name="formSubmit" finished-at="2021-11-06T16:56:32 IST" duration-ms="158" status="PASS">
          <reporter-output>
          </reporter-output>
        </test-method> <!-- formSubmit -->
        <test-method is-config="true" signature="closeBrowser()[pri:0, instance:selenium_training.maven_selenium.SeleniumTest@1ed1993a]" started-at="2021-11-06T16:56:32 IST" name="closeBrowser" finished-at="2021-11-06T16:56:32 IST" duration-ms="204" status="PASS">
          <reporter-output>
          </reporter-output>
        </test-method> <!-- closeBrowser -->
      </class> <!-- selenium_training.maven_selenium.SeleniumTest -->
    </test> <!-- Test -->
  </suite> <!-- Suite -->
</testng-results>
