<?xml version="1.0" encoding="UTF-8"?>
<testng-results ignored="0" total="1" passed="1" failed="0" skipped="0">
  <reporter-output>
  </reporter-output>
  <suite started-at="2021-11-08T23:26:43 IST" name="Default suite" finished-at="2021-11-08T23:26:43 IST" duration-ms="57">
    <groups>
    </groups>
    <test started-at="2021-11-08T23:26:43 IST" name="Default test" finished-at="2021-11-08T23:26:43 IST" duration-ms="57">
      <class name="log4J.Demo1Test">
        <test-method signature="log4j()[pri:0, instance:log4J.Demo1Test@c260bdc]" started-at="2021-11-08T23:26:43 IST" name="log4j" finished-at="2021-11-08T23:26:43 IST" duration-ms="15" status="PASS">
          <reporter-output>
          </reporter-output>
        </test-method> <!-- log4j -->
      </class> <!-- log4J.Demo1Test -->
    </test> <!-- Default test -->
  </suite> <!-- Default suite -->
</testng-results>
